{"name": "test_welcome_0_user_policy[user_or_policy_data0]", "status": "broken", "statusDetails": {"message": "selenium.common.exceptions.NoSuchElementException: Message: An element could not be located on the page using the given search parameters.", "trace": "self = <TestCases.Test0Welcome.test_welcome.Test0Welcome object at 0x000001EE77616220>\nstartApp = (<appium.webdriver.webdriver.WebDriver (session=\"952eb4e8-a3d7-4e5a-868b-959186075ca7\")>, <PageObjects.WelcomePage.welcome_page.WelcomePage object at 0x000001EE77616B80>)\nuser_or_policy_data = {'check': '服务条款', 'click': '用户协议', 'title': '查看用户协议'}\n\n    @pytest.mark.parametrize(\"user_or_policy_data\", WD.user_or_policy_data)\n    @pytest.mark.demo3\n    def test_welcome_0_user_policy(self, startApp, user_or_policy_data):\n        my_log.info(\"****正常用例——{}****\".format(user_or_policy_data['title']))\n        driver = startApp[0]\n        wel = WelcomePage(driver)\n>       res = wel.show_privacy_user_agreement_or_policy(user_or_policy_data['click'])\n\nTestCases\\Test0Welcome\\test_welcome.py:25: \n_ _ _ _ _ _ _ _ _ _ _ _ _ _ _ _ _ _ _ _ _ _ _ _ _ _ _ _ _ _ _ _ _ _ _ _ _ _ _ _ _ _ _ _ _ _ _ _ _ _ _ _ _ _ _ _ _ _ _ _ _ _ _ _ _ _ _ _ _ _ _ _ _ _ _ _ _ _ _ _ _ \nPageObjects\\WelcomePage\\welcome_page.py:58: in show_privacy_user_agreement_or_policy\n    self.click_element(locator=loc.terms_of_service_btn, doc=doc)\nCommon\\base_page.py:143: in click_element\n    ele = self.get_element(locator, doc)\nCommon\\base_page.py:106: in get_element\n    return self.driver.find_element(*locator)\nd:\\python\\python38\\lib\\site-packages\\appium\\webdriver\\webdriver.py:279: in find_element\n    return self.execute(RemoteCommand.FIND_ELEMENT, {\nd:\\python\\python38\\lib\\site-packages\\selenium\\webdriver\\remote\\webdriver.py:321: in execute\n    self.error_handler.check_response(response)\nd:\\python\\python38\\lib\\site-packages\\appium\\webdriver\\errorhandler.py:31: in check_response\n    raise wde\nd:\\python\\python38\\lib\\site-packages\\appium\\webdriver\\errorhandler.py:26: in check_response\n    super().check_response(response)\n_ _ _ _ _ _ _ _ _ _ _ _ _ _ _ _ _ _ _ _ _ _ _ _ _ _ _ _ _ _ _ _ _ _ _ _ _ _ _ _ _ _ _ _ _ _ _ _ _ _ _ _ _ _ _ _ _ _ _ _ _ _ _ _ _ _ _ _ _ _ _ _ _ _ _ _ _ _ _ _ _ \n\nself = <appium.webdriver.errorhandler.MobileErrorHandler object at 0x000001EE77E39370>\nresponse = {'status': 404, 'value': '{\"value\":{\"error\":\"no such element\",\"message\":\"An element could not be located on the page u...ver\\\\\\\\lib\\\\\\\\commands\\\\\\\\find.js:75:11)\\\\n    at processTicksAndRejections (internal/process/task_queues.js:85:5)\"}}'}\n\n    def check_response(self, response):\n        \"\"\"\n        Checks that a JSON response from the WebDriver does not have an error.\n    \n        :Args:\n         - response - The JSON response from the WebDriver server as a dictionary\n           object.\n    \n        :Raises: If the response contains an error message.\n        \"\"\"\n        status = response.get('status', None)\n        if status is None or status == ErrorCode.SUCCESS:\n            return\n        value = None\n        message = response.get(\"message\", \"\")\n        screen = response.get(\"screen\", \"\")\n        stacktrace = None\n        if isinstance(status, int):\n            value_json = response.get('value', None)\n            if value_json and isinstance(value_json, basestring):\n                import json\n                try:\n                    value = json.loads(value_json)\n                    if len(value.keys()) == 1:\n                        value = value['value']\n                    status = value.get('error', None)\n                    if status is None:\n                        status = value[\"status\"]\n                        message = value[\"value\"]\n                        if not isinstance(message, basestring):\n                            value = message\n                            message = message.get('message')\n                    else:\n                        message = value.get('message', None)\n                except ValueError:\n                    pass\n    \n        exception_class = ErrorInResponseException\n        if status in ErrorCode.NO_SUCH_ELEMENT:\n            exception_class = NoSuchElementException\n        elif status in ErrorCode.NO_SUCH_FRAME:\n            exception_class = NoSuchFrameException\n        elif status in ErrorCode.NO_SUCH_WINDOW:\n            exception_class = NoSuchWindowException\n        elif status in ErrorCode.STALE_ELEMENT_REFERENCE:\n            exception_class = StaleElementReferenceException\n        elif status in ErrorCode.ELEMENT_NOT_VISIBLE:\n            exception_class = ElementNotVisibleException\n        elif status in ErrorCode.INVALID_ELEMENT_STATE:\n            exception_class = InvalidElementStateException\n        elif status in ErrorCode.INVALID_SELECTOR \\\n                or status in ErrorCode.INVALID_XPATH_SELECTOR \\\n                or status in ErrorCode.INVALID_XPATH_SELECTOR_RETURN_TYPER:\n            exception_class = InvalidSelectorException\n        elif status in ErrorCode.ELEMENT_IS_NOT_SELECTABLE:\n            exception_class = ElementNotSelectableException\n        elif status in ErrorCode.ELEMENT_NOT_INTERACTABLE:\n            exception_class = ElementNotInteractableException\n        elif status in ErrorCode.INVALID_COOKIE_DOMAIN:\n            exception_class = InvalidCookieDomainException\n        elif status in ErrorCode.UNABLE_TO_SET_COOKIE:\n            exception_class = UnableToSetCookieException\n        elif status in ErrorCode.TIMEOUT:\n            exception_class = TimeoutException\n        elif status in ErrorCode.SCRIPT_TIMEOUT:\n            exception_class = TimeoutException\n        elif status in ErrorCode.UNKNOWN_ERROR:\n            exception_class = WebDriverException\n        elif status in ErrorCode.UNEXPECTED_ALERT_OPEN:\n            exception_class = UnexpectedAlertPresentException\n        elif status in ErrorCode.NO_ALERT_OPEN:\n            exception_class = NoAlertPresentException\n        elif status in ErrorCode.IME_NOT_AVAILABLE:\n            exception_class = ImeNotAvailableException\n        elif status in ErrorCode.IME_ENGINE_ACTIVATION_FAILED:\n            exception_class = ImeActivationFailedException\n        elif status in ErrorCode.MOVE_TARGET_OUT_OF_BOUNDS:\n            exception_class = MoveTargetOutOfBoundsException\n        elif status in ErrorCode.JAVASCRIPT_ERROR:\n            exception_class = JavascriptException\n        elif status in ErrorCode.SESSION_NOT_CREATED:\n            exception_class = SessionNotCreatedException\n        elif status in ErrorCode.INVALID_ARGUMENT:\n            exception_class = InvalidArgumentException\n        elif status in ErrorCode.NO_SUCH_COOKIE:\n            exception_class = NoSuchCookieException\n        elif status in ErrorCode.UNABLE_TO_CAPTURE_SCREEN:\n            exception_class = ScreenshotException\n        elif status in ErrorCode.ELEMENT_CLICK_INTERCEPTED:\n            exception_class = ElementClickInterceptedException\n        elif status in ErrorCode.INSECURE_CERTIFICATE:\n            exception_class = InsecureCertificateException\n        elif status in ErrorCode.INVALID_COORDINATES:\n            exception_class = InvalidCoordinatesException\n        elif status in ErrorCode.INVALID_SESSION_ID:\n            exception_class = InvalidSessionIdException\n        elif status in ErrorCode.UNKNOWN_METHOD:\n            exception_class = UnknownMethodException\n        else:\n            exception_class = WebDriverException\n        if value == '' or value is None:\n            value = response['value']\n        if isinstance(value, basestring):\n            if exception_class == ErrorInResponseException:\n                raise exception_class(response, value)\n            raise exception_class(value)\n        if message == \"\" and 'message' in value:\n            message = value['message']\n    \n        screen = None\n        if 'screen' in value:\n            screen = value['screen']\n    \n        stacktrace = None\n        if 'stackTrace' in value and value['stackTrace']:\n            stacktrace = []\n            try:\n                for frame in value['stackTrace']:\n                    line = self._value_or_default(frame, 'lineNumber', '')\n                    file = self._value_or_default(frame, 'fileName', '<anonymous>')\n                    if line:\n                        file = \"%s:%s\" % (file, line)\n                    meth = self._value_or_default(frame, 'methodName', '<anonymous>')\n                    if 'className' in frame:\n                        meth = \"%s.%s\" % (frame['className'], meth)\n                    msg = \"    at %s (%s)\"\n                    msg = msg % (meth, file)\n                    stacktrace.append(msg)\n            except TypeError:\n                pass\n        if exception_class == ErrorInResponseException:\n            raise exception_class(response, message)\n        elif exception_class == UnexpectedAlertPresentException:\n            alert_text = None\n            if 'data' in value:\n                alert_text = value['data'].get('text')\n            elif 'alert' in value:\n                alert_text = value['alert'].get('text')\n            raise exception_class(message, screen, stacktrace, alert_text)\n>       raise exception_class(message, screen, stacktrace)\nE       selenium.common.exceptions.NoSuchElementException: Message: An element could not be located on the page using the given search parameters.\n\nd:\\python\\python38\\lib\\site-packages\\selenium\\webdriver\\remote\\errorhandler.py:242: NoSuchElementException"}, "steps": [{"name": "step1：等待《用户协议》按钮可见", "status": "passed", "start": 1649229992325, "stop": 1649229994657}, {"name": "step2：点击《用户协议》按钮", "status": "passed", "start": 1649229994657, "stop": 1649229994711}, {"name": "step3：等待《用户协议》元素可见", "status": "passed", "start": 1649229994711, "stop": 1649229994802}, {"name": "step4：获取《用户协议》content-desc文本", "status": "passed", "start": 1649229994802, "stop": 1649229994878}, {"name": "step5：点击返回按钮", "status": "broken", "statusDetails": {"message": "selenium.common.exceptions.NoSuchElementException: Message: An element could not be located on the page using the given search parameters.\n\n", "trace": "  File \"D:\\JetBrains\\PyCharm\\PycharmProjects\\Duixi_Framework_V1\\PageObjects\\WelcomePage\\welcome_page.py\", line 58, in show_privacy_user_agreement_or_policy\n    self.click_element(locator=loc.terms_of_service_btn, doc=doc)\n  File \"D:\\JetBrains\\PyCharm\\PycharmProjects\\Duixi_Framework_V1\\Common\\base_page.py\", line 143, in click_element\n    ele = self.get_element(locator, doc)\n  File \"D:\\JetBrains\\PyCharm\\PycharmProjects\\Duixi_Framework_V1\\Common\\base_page.py\", line 106, in get_element\n    return self.driver.find_element(*locator)\n  File \"d:\\python\\python38\\lib\\site-packages\\appium\\webdriver\\webdriver.py\", line 279, in find_element\n    return self.execute(RemoteCommand.FIND_ELEMENT, {\n  File \"d:\\python\\python38\\lib\\site-packages\\selenium\\webdriver\\remote\\webdriver.py\", line 321, in execute\n    self.error_handler.check_response(response)\n  File \"d:\\python\\python38\\lib\\site-packages\\appium\\webdriver\\errorhandler.py\", line 31, in check_response\n    raise wde\n  File \"d:\\python\\python38\\lib\\site-packages\\appium\\webdriver\\errorhandler.py\", line 26, in check_response\n    super().check_response(response)\n  File \"d:\\python\\python38\\lib\\site-packages\\selenium\\webdriver\\remote\\errorhandler.py\", line 242, in check_response\n    raise exception_class(message, screen, stacktrace)\n"}, "attachments": [{"name": "引导页_查看用户协议", "source": "c7947b13-a1d7-475e-a90f-6028de78ee2a-attachment.png", "type": "image/png"}], "start": 1649229994878, "stop": 1649229998350}, {"name": "添加失败截图...", "status": "passed", "attachments": [{"name": "失败截图", "source": "f5e04cba-2999-4e89-87c3-d141d8b55258-attachment.png", "type": "image/png"}], "start": 1649229999208, "stop": 1649230000385}], "attachments": [{"name": "log", "source": "af2332e0-05f8-432b-b362-9d6b5d68211d-attachment.txt", "type": "text/plain"}], "parameters": [{"name": "user_or_policy_data", "value": "{'click': '用户协议', 'check': '服务条款', 'title': '查看用户协议'}"}], "start": 1649229992308, "stop": 1649229998353, "uuid": "84a30b4f-fd70-4dc9-9c42-be663ada0792", "historyId": "7373b3604d9181d884b861ae6e7df109", "testCaseId": "9c375328524d75d48a7926fede0bbc07", "fullName": "TestCases.Test0Welcome.test_welcome.Test0Welcome#test_welcome_0_user_policy", "labels": [{"name": "tag", "value": "demo3"}, {"name": "tag", "value": "@pytest.mark.usefixtures('startApp')"}, {"name": "parentSuite", "value": "TestCases.Test0Welcome"}, {"name": "suite", "value": "test_welcome"}, {"name": "subSuite", "value": "Test0Welcome"}, {"name": "host", "value": "DESKTOP-KL6VQQI"}, {"name": "thread", "value": "6544-MainThread"}, {"name": "framework", "value": "pytest"}, {"name": "language", "value": "cpython3"}, {"name": "package", "value": "TestCases.Test0Welcome.test_welcome"}]}